
> site@0.0.0.93 prebuild /home/mps/code/lossless-monorepo/site
> node -e "const { execSync } = require('child_process'); try { execSync('git remote get-url origin', { stdio: 'ignore' }); } catch { execSync('git remote add origin https://github.com/lossless-group/lossless-site.git'); } execSync('git lfs install'); execSync('git lfs pull');"


> site@0.0.0.93 build /home/mps/code/lossless-monorepo/site
> node -e "require('dotenv').config({ path: '.env' }); require('child_process').execSync('astro build --remote', { stdio: 'inherit' });"

Using content directory: /home/mps/code/lossless-monorepo/site/src/generated-content
Environment Configuration: {
  NODE_ENV: 'development',
  APP_ENV: 'development',
  DEPLOY_ENV: 'LocalSiteOnly',
  isProduction: false,
  isDevelopment: true,
  contentBasePath: '/home/mps/code/lossless-monorepo/site/src/generated-content',
  DEBUG_AST: false,
  DEBUG_ARTICLE: false,
  DEBUG_CITATIONS: false,
  DEBUG_BACKLINKS: false,
  DEBUG_TOOLING: false,
  DEBUG_TOC: false,
  resolvedContentPath: '/home/mps/code/lossless-monorepo/site/src/generated-content',
  envFile: '/home/mps/code/lossless-monorepo/site/.env',
  cwd: '/home/mps/code/lossless-monorepo/site'
}
10:06:32 AM [vite] (ssr) Error when evaluating SSR module /home/mps/code/lossless-monorepo/site/astro.config.mjs: Cannot find module '@utils/slugify' imported from '/home/mps/code/lossless-monorepo/site/src/utils/routing/routeManager.ts'
      at fetchModule (file:///home/mps/code/lossless-monorepo/site/node_modules/.pnpm/vite@6.3.5_@types+node@22.15.30_jiti@2.4.2_lightningcss@1.30.1_tsx@4.19.4/node_modules/vite/dist/node/chunks/dep-DBxKXgDP.js:46813:19)
      at RunnableDevEnvironment.fetchModule (file:///home/mps/code/lossless-monorepo/site/node_modules/.pnpm/vite@6.3.5_@types+node@22.15.30_jiti@2.4.2_lightningcss@1.30.1_tsx@4.19.4/node_modules/vite/dist/node/chunks/dep-DBxKXgDP.js:47904:12)
      at fetchModule (file:///home/mps/code/lossless-monorepo/site/node_modules/.pnpm/vite@6.3.5_@types+node@22.15.30_jiti@2.4.2_lightningcss@1.30.1_tsx@4.19.4/node_modules/vite/dist/node/chunks/dep-DBxKXgDP.js:47858:21)
      at handleInvoke (file:///home/mps/code/lossless-monorepo/site/node_modules/.pnpm/vite@6.3.5_@types+node@22.15.30_jiti@2.4.2_lightningcss@1.30.1_tsx@4.19.4/node_modules/vite/dist/node/chunks/dep-DBxKXgDP.js:38973:28)
      at EventEmitter.listenerForInvokeHandler (file:///home/mps/code/lossless-monorepo/site/node_modules/.pnpm/vite@6.3.5_@types+node@22.15.30_jiti@2.4.2_lightningcss@1.30.1_tsx@4.19.4/node_modules/vite/dist/node/chunks/dep-DBxKXgDP.js:39046:25)
      at EventEmitter.emit (node:events:507:28)
      at Object.send (file:///home/mps/code/lossless-monorepo/site/node_modules/.pnpm/vite@6.3.5_@types+node@22.15.30_jiti@2.4.2_lightningcss@1.30.1_tsx@4.19.4/node_modules/vite/dist/node/chunks/dep-DBxKXgDP.js:25190:40)
      at Object.invoke (file:///home/mps/code/lossless-monorepo/site/node_modules/.pnpm/vite@6.3.5_@types+node@22.15.30_jiti@2.4.2_lightningcss@1.30.1_tsx@4.19.4/node_modules/vite/dist/node/module-runner.js:621:34)
      at Object.invoke (file:///home/mps/code/lossless-monorepo/site/node_modules/.pnpm/vite@6.3.5_@types+node@22.15.30_jiti@2.4.2_lightningcss@1.30.1_tsx@4.19.4/node_modules/vite/dist/node/module-runner.js:682:34)
      at SSRCompatModuleRunner.getModuleInformation (file:///home/mps/code/lossless-monorepo/site/node_modules/.pnpm/vite@6.3.5_@types+node@22.15.30_jiti@2.4.2_lightningcss@1.30.1_tsx@4.19.4/node_modules/vite/dist/node/module-runner.js:1205:94)
[astro] Unable to load your Astro config

Cannot find module '@utils/slugify' imported from '/home/mps/code/lossless-monorepo/site/src/utils/routing/routeManager.ts'
  Stack trace:
    at fetchModule (file:///home/mps/code/lossless-monorepo/site/node_modules/.pnpm/vite@6.3.5_@types+node@22.15.30_jiti@2.4.2_lightningcss@1.30.1_tsx@4.19.4/node_modules/vite/dist/node/chunks/dep-DBxKXgDP.js:46813:19)
    at fetchModule (file:///home/mps/code/lossless-monorepo/site/node_modules/.pnpm/vite@6.3.5_@types+node@22.15.30_jiti@2.4.2_lightningcss@1.30.1_tsx@4.19.4/node_modules/vite/dist/node/chunks/dep-DBxKXgDP.js:47858:21)
    at EventEmitter.listenerForInvokeHandler (file:///home/mps/code/lossless-monorepo/site/node_modules/.pnpm/vite@6.3.5_@types+node@22.15.30_jiti@2.4.2_lightningcss@1.30.1_tsx@4.19.4/node_modules/vite/dist/node/chunks/dep-DBxKXgDP.js:39046:25)
    at Object.send (file:///home/mps/code/lossless-monorepo/site/node_modules/.pnpm/vite@6.3.5_@types+node@22.15.30_jiti@2.4.2_lightningcss@1.30.1_tsx@4.19.4/node_modules/vite/dist/node/chunks/dep-DBxKXgDP.js:25190:40)
    at Object.invoke (file:///home/mps/code/lossless-monorepo/site/node_modules/.pnpm/vite@6.3.5_@types+node@22.15.30_jiti@2.4.2_lightningcss@1.30.1_tsx@4.19.4/node_modules/vite/dist/node/module-runner.js:682:34)
node:child_process:999
    throw err;
    ^

Error: Command failed: astro build --remote
    at genericNodeError (node:internal/errors:985:15)
    at wrappedFn (node:internal/errors:539:14)
    at checkExecSyncError (node:child_process:924:11)
    at Object.execSync (node:child_process:996:15)
    at [eval]:1:70
    at runScriptInThisContext (node:internal/vm:219:10)
    at node:internal/process/execution:451:12
    at [eval]-wrapper:6:24
    at runScriptInContext (node:internal/process/execution:449:60)
    at evalFunction (node:internal/process/execution:283:30) {
  status: 1,
  signal: null,
  output: [ null, null, null ],
  pid: 51856,
  stdout: null,
  stderr: null
}

Node.js v24.5.0
 ELIFECYCLE  Command failed with exit code 1.
